[0;36;49mValidating model 1/3: User[0m
[0;32;49mValidated 2/2 records for model User[0m
[0;36;49mValidating model 2/3: User[0m
[0;32;49mValidated 2/2 records for model User[0m
[0;36;49mValidating model 3/3: User[0m
[0;32;49mValidated 2/2 records for model User[0m
[0;36;49mValidating model 1/4: User[0m
No records to validate for model User.
[0;36;49mValidating model 2/4: User[0m
No records to validate for model User.
[0;36;49mValidating model 3/4: TestUser[0m
[0;32;49mValidated 2/2 records for model TestUser[0m
[0;36;49mValidating model 4/4: User[0m
No records to validate for model User.
[0;36;49mValidating model 1/3: User[0m
[0;32;49mValidated 2/2 records for model User[0m
[0;36;49mValidating model 2/3: User[0m
[0;32;49mValidated 2/2 records for model User[0m
[0;36;49mValidating model 3/3: User[0m
[0;32;49mValidated 2/2 records for model User[0m
[0;36;49mValidating model 1/4: User[0m
No records to validate for model User.
[0;36;49mValidating model 2/4: User[0m
No records to validate for model User.
[0;36;49mValidating model 3/4: TestUser[0m
[0;32;49mValidated 2/2 records for model TestUser[0m
[0;36;49mValidating model 4/4: User[0m
No records to validate for model User.
[0;36;49mValidating model 1/3: User[0m
[0;32;49mValidated 2/2 records for model User[0m
[0;36;49mValidating model 2/3: User[0m
[0;32;49mValidated 2/2 records for model User[0m
[0;36;49mValidating model 3/3: User[0m
[0;32;49mValidated 2/2 records for model User[0m
[0;36;49mValidating model 1/4: User[0m
No records to validate for model User.
[0;36;49mValidating model 2/4: User[0m
No records to validate for model User.
[0;36;49mValidating model 3/4: TestUser[0m
[0;32;49mValidated 2/2 records for model TestUser[0m
[0;36;49mValidating model 4/4: User[0m
No records to validate for model User.
[0;36;49mValidating model 1/3: User[0m
[0;32;49mValidated 2/2 records for model User[0m
[0;36;49mValidating model 2/3: User[0m
[0;32;49mValidated 2/2 records for model User[0m
[0;36;49mValidating model 3/3: User[0m
[0;32;49mValidated 2/2 records for model User[0m
[0;36;49mValidating model 1/4: User[0m
No records to validate for model User.
[0;36;49mValidating model 2/4: User[0m
No records to validate for model User.
[0;36;49mValidating model 3/4: TestUser[0m
[0;32;49mValidated 2/2 records for model TestUser[0m
[0;36;49mValidating model 4/4: User[0m
No records to validate for model User.
[0;36;49mValidating model 1/4: User[0m
[0;32;49mValidated 2/2 records for model User[0m
[0;36;49mValidating model 2/4: Product[0m
Skipping validation for Product: SQLite3::SQLException: no such table: products:
SELECT COUNT(*) FROM "products"
[0;36;49mValidating model 3/4: User[0m
[0;32;49mValidated 2/2 records for model User[0m
[0;36;49mValidating model 4/4: User[0m
[0;32;49mValidated 2/2 records for model User[0m
[0;36;49mValidating model 1/5: TestUser[0m
[0;32;49mValidated 2/2 records for model TestUser[0m
[0;36;49mValidating model 2/5: User[0m
No records to validate for model User.
[0;36;49mValidating model 3/5: Product[0m
Skipping validation for Product: SQLite3::SQLException: no such table: products:
SELECT COUNT(*) FROM "products"
[0;36;49mValidating model 4/5: User[0m
No records to validate for model User.
[0;36;49mValidating model 5/5: User[0m
No records to validate for model User.
[0;36;49mValidating model 1/4: User[0m
[0;32;49mValidated 2/2 records for model User[0m
[0;36;49mValidating model 2/4: Product[0m
Skipping validation for Product: SQLite3::SQLException: no such table: products:
SELECT COUNT(*) FROM "products"
[0;36;49mValidating model 3/4: User[0m
[0;32;49mValidated 2/2 records for model User[0m
[0;36;49mValidating model 4/4: User[0m
[0;32;49mValidated 2/2 records for model User[0m
[0;36;49mValidating model 1/5: TestUser[0m
[0;32;49mValidated 2/2 records for model TestUser[0m
[0;36;49mValidating model 2/5: User[0m
No records to validate for model User.
[0;36;49mValidating model 3/5: Product[0m
Skipping validation for Product: SQLite3::SQLException: no such table: products:
SELECT COUNT(*) FROM "products"
[0;36;49mValidating model 4/5: User[0m
No records to validate for model User.
[0;36;49mValidating model 5/5: User[0m
No records to validate for model User.
[0;36;49mValidating model 1/3: User[0m
[0;32;49mValidated 2/2 records for model User[0m
[0;36;49mValidating model 2/3: User[0m
[0;32;49mValidated 2/2 records for model User[0m
[0;36;49mValidating model 3/3: User[0m
[0;32;49mValidated 2/2 records for model User[0m
[0;36;49mValidating model 1/4: TestUser[0m
[0;32;49mValidated 2/2 records for model TestUser[0m
[0;36;49mValidating model 2/4: User[0m
No records to validate for model User.
[0;36;49mValidating model 3/4: User[0m
No records to validate for model User.
[0;36;49mValidating model 4/4: User[0m
No records to validate for model User.
[0;36;49mValidating model 1/3: User[0m
[0;32;49mValidated 2/2 records for model User[0m
[0;36;49mValidating model 2/3: User[0m
[0;32;49mValidated 2/2 records for model User[0m
[0;36;49mValidating model 3/3: User[0m
[0;32;49mValidated 2/2 records for model User[0m
[0;36;49mValidating model 1/4: TestUser[0m
[0;32;49mValidated 2/2 records for model TestUser[0m
[0;36;49mValidating model 2/4: User[0m
No records to validate for model User.
[0;36;49mValidating model 3/4: User[0m
No records to validate for model User.
[0;36;49mValidating model 4/4: User[0m
No records to validate for model User.
[0;36;49mValidating model 1/3: User[0m
[0;32;49mValidated 2/2 records for model User[0m
[0;36;49mValidating model 2/3: User[0m
[0;32;49mValidated 2/2 records for model User[0m
[0;36;49mValidating model 3/3: User[0m
[0;32;49mValidated 2/2 records for model User[0m
[0;36;49mValidating model 1/4: TestUser[0m
[0;32;49mValidated 2/2 records for model TestUser[0m
[0;36;49mValidating model 2/4: User[0m
No records to validate for model User.
[0;36;49mValidating model 3/4: User[0m
No records to validate for model User.
[0;36;49mValidating model 4/4: User[0m
No records to validate for model User.
[0;36;49mValidating model 1/3: User[0m
[0;32;49mValidated 2/2 records for model User[0m
[0;36;49mValidating model 2/3: User[0m
[0;32;49mValidated 2/2 records for model User[0m
[0;36;49mValidating model 3/3: User[0m
[0;32;49mValidated 2/2 records for model User[0m
[0;36;49mValidating model 1/4: TestUser[0m
[0;32;49mValidated 2/2 records for model TestUser[0m
[0;36;49mValidating model 2/4: User[0m
No records to validate for model User.
[0;36;49mValidating model 3/4: User[0m
No records to validate for model User.
[0;36;49mValidating model 4/4: User[0m
No records to validate for model User.
[0;36;49mValidating model 1/3: User[0m
[0;32;49mValidated 2/2 records for model User[0m
[0;36;49mValidating model 2/3: User[0m
[0;32;49mValidated 2/2 records for model User[0m
[0;36;49mValidating model 3/3: User[0m
[0;32;49mValidated 2/2 records for model User[0m
[0;36;49mValidating model 1/4: TestUser[0m
[0;32;49mValidated 2/2 records for model TestUser[0m
[0;36;49mValidating model 2/4: User[0m
No records to validate for model User.
[0;36;49mValidating model 3/4: User[0m
No records to validate for model User.
[0;36;49mValidating model 4/4: User[0m
No records to validate for model User.
[0;36;49mValidating model 1/3: User[0m
[0;32;49mValidated 2/2 records for model User[0m
[0;36;49mValidating model 2/3: User[0m
[0;32;49mValidated 2/2 records for model User[0m
[0;36;49mValidating model 3/3: User[0m
[0;32;49mValidated 2/2 records for model User[0m
[0;36;49mValidating model 1/4: TestUser[0m
[0;32;49mValidated 2/2 records for model TestUser[0m
[0;36;49mValidating model 2/4: User[0m
No records to validate for model User.
[0;36;49mValidating model 3/4: User[0m
No records to validate for model User.
[0;36;49mValidating model 4/4: User[0m
No records to validate for model User.
[0;36;49mValidating model 1/3: User[0m
[0;32;49mValidated 2/2 records for model User[0m
[0;36;49mValidating model 2/3: User[0m
[0;32;49mValidated 2/2 records for model User[0m
[0;36;49mValidating model 3/3: User[0m
[0;32;49mValidated 2/2 records for model User[0m
[0;36;49mValidating model 1/4: TestUser[0m
[0;32;49mValidated 2/2 records for model TestUser[0m
[0;36;49mValidating model 2/4: User[0m
No records to validate for model User.
[0;36;49mValidating model 3/4: User[0m
No records to validate for model User.
[0;36;49mValidating model 4/4: User[0m
No records to validate for model User.
[0;36;49mValidating model 1/3: User[0m
[0;32;49mValidated 2/2 records for model User[0m
[0;36;49mValidating model 2/3: User[0m
[0;32;49mValidated 2/2 records for model User[0m
[0;36;49mValidating model 3/3: User[0m
[0;32;49mValidated 2/2 records for model User[0m
[0;36;49mValidating model 1/4: User[0m
No records to validate for model User.
[0;36;49mValidating model 2/4: TestUser[0m
[0;32;49mValidated 2/2 records for model TestUser[0m
[0;36;49mValidating model 3/4: User[0m
No records to validate for model User.
[0;36;49mValidating model 4/4: User[0m
No records to validate for model User.
[0;36;49mValidating model 1/3: User[0m
[0;32;49mValidated 2/2 records for model User[0m
[0;36;49mValidating model 2/3: User[0m
[0;32;49mValidated 2/2 records for model User[0m
[0;36;49mValidating model 3/3: User[0m
[0;32;49mValidated 2/2 records for model User[0m
[0;36;49mValidating model 1/1: TestUser[0m
[0;32;49mValidated 2/2 records for model TestUser[0m
[0;36;49mValidating model 1/3: User[0m
[0;32;49mValidated 2/2 records for model User[0m
[0;36;49mValidating model 2/3: User[0m
[0;32;49mValidated 2/2 records for model User[0m
[0;36;49mValidating model 3/3: User[0m
[0;32;49mValidated 2/2 records for model User[0m
[0;36;49mValidating model 1/1: TestUser[0m
[0;32;49mValidated 2/2 records for model TestUser[0m
[0;36;49mValidating model 1/3: User[0m
[0;32;49mValidated 2/2 records for model User[0m
[0;36;49mValidating model 2/3: User[0m
[0;32;49mValidated 2/2 records for model User[0m
[0;36;49mValidating model 3/3: User[0m
[0;32;49mValidated 2/2 records for model User[0m
[0;36;49mValidating model 1/1: TestUser[0m
[0;32;49mValidated 2/2 records for model TestUser[0m
[0;36;49mValidating model 1/3: User[0m
[0;32;49mValidated 2/2 records for model User[0m
[0;36;49mValidating model 2/3: User[0m
[0;32;49mValidated 2/2 records for model User[0m
[0;36;49mValidating model 3/3: User[0m
[0;32;49mValidated 2/2 records for model User[0m
[0;36;49mValidating model 1/1: TestUser[0m
[0;32;49mValidated 2/2 records for model TestUser[0m
[0;36;49mValidating model 1/3: User[0m
[0;32;49mValidated 2/2 records for model User[0m
[0;36;49mValidating model 2/3: User[0m
[0;32;49mValidated 2/2 records for model User[0m
[0;36;49mValidating model 3/3: User[0m
[0;32;49mValidated 2/2 records for model User[0m
[0;36;49mValidating model 1/1: TestUser[0m
[0;32;49mValidated 2/2 records for model TestUser[0m
[0;36;49mValidating model 1/3: User[0m
[0;32;49mValidated 2/2 records for model User[0m
[0;36;49mValidating model 2/3: User[0m
[0;32;49mValidated 2/2 records for model User[0m
[0;36;49mValidating model 3/3: User[0m
[0;32;49mValidated 2/2 records for model User[0m
[0;36;49mValidating model 1/1: TestUser[0m
[0;32;49mValidated 2/2 records for model TestUser[0m
[0;36;49mValidating model 1/3: User[0m
[0;32;49mValidated 2/2 records for model User[0m
[0;36;49mValidating model 2/3: User[0m
[0;32;49mValidated 2/2 records for model User[0m
[0;36;49mValidating model 3/3: User[0m
[0;32;49mValidated 2/2 records for model User[0m
[0;36;49mValidating model 1/1: TestUser[0m
[0;32;49mValidated 2/2 records for model TestUser[0m
[0;36;49mValidating model 1/3: User[0m
[0;32;49mValidated 2/2 records for model User[0m
[0;36;49mValidating model 2/3: User[0m
[0;32;49mValidated 2/2 records for model User[0m
[0;36;49mValidating model 3/3: User[0m
[0;32;49mValidated 2/2 records for model User[0m
[0;36;49mValidating model 1/1: TestUser[0m
[0;32;49mValidated 2/2 records for model TestUser[0m
[0;36;49mValidating model 1/3: User[0m
[0;32;49mValidated 2/2 records for model User[0m
[0;36;49mValidating model 2/3: User[0m
[0;32;49mValidated 2/2 records for model User[0m
[0;36;49mValidating model 3/3: User[0m
[0;32;49mValidated 2/2 records for model User[0m
[0;36;49mValidating model 1/1: TestUser[0m
[0;32;49mValidated 2/2 records for model TestUser[0m
[0;36;49mValidating model 1/3: User[0m
[0;32;49mValidated 2/2 records for model User[0m
[0;36;49mValidating model 2/3: User[0m
[0;32;49mValidated 2/2 records for model User[0m
[0;36;49mValidating model 3/3: User[0m
[0;32;49mValidated 2/2 records for model User[0m
[0;36;49mValidating model 1/1: TestUser[0m
[0;32;49mValidated 2/2 records for model TestUser[0m
[0;36;49mValidating model 1/3: User[0m
[0;32;49mValidated 2/2 records for model User[0m
[0;36;49mValidating model 2/3: User[0m
[0;32;49mValidated 2/2 records for model User[0m
[0;36;49mValidating model 3/3: User[0m
[0;32;49mValidated 2/2 records for model User[0m
[0;36;49mValidating model 1/1: TestUser[0m
[0;32;49mValidated 2/2 records for model TestUser[0m
[0;36;49mValidating model 1/3: User[0m
[0;32;49mValidated 2/2 records for model User[0m
[0;36;49mValidating model 2/3: User[0m
[0;32;49mValidated 2/2 records for model User[0m
[0;36;49mValidating model 3/3: User[0m
[0;32;49mValidated 2/2 records for model User[0m
[0;36;49mValidating model 1/1: TestUser[0m
[0;32;49mValidated 2/2 records for model TestUser[0m
[0;36;49mValidating model 1/2: User[0m
[0;32;49mValidated 2/2 records for model User[0m
[0;36;49mValidating model 2/2: User[0m
[0;32;49mValidated 2/2 records for model User[0m
[0;36;49mValidating model 1/1: TestUser[0m
[0;32;49mValidated 2/2 records for model TestUser[0m
[0;36;49mValidating model 1/2: User[0m
[0;32;49mValidated 2/2 records for model User[0m
[0;36;49mValidating model 2/2: User[0m
[0;32;49mValidated 2/2 records for model User[0m
[0;36;49mValidating model 1/1: TestUser[0m
[0;32;49mValidated 2/2 records for model TestUser[0m
[0;36;49mValidating model 1/3: User[0m
[0;36;49mValidating model 2/3: User[0m
[0;36;49mValidating model 3/3: User[0m
[0;36;49mValidating model 1/1: TestUser[0m
[0;36;49mValidating model 1/3: User[0m
[0;36;49mValidating model 2/3: User[0m
[0;36;49mValidating model 3/3: User[0m
[0;36;49mValidating model 1/1: TestUser[0m
[0;36;49mValidating model 1/3: User[0m
[0;36;49mValidating model 2/3: User[0m
[0;36;49mValidating model 3/3: User[0m
[0;36;49mValidating model 1/1: TestUser[0m
[0;36;49mValidating model 1/1: User[0m
[0;36;49mValidating model 1/1: TestUser[0m
[0;36;49mValidating model 1/3: User[0m
[0;36;49mValidating model 2/3: User[0m
[0;36;49mValidating model 3/3: User[0m
[0;36;49mValidating model 1/1: TestUser[0m
[0;36;49mValidating model 1/3: User[0m
[0;36;49mValidating model 2/3: User[0m
[0;36;49mValidating model 3/3: User[0m
[0;36;49mValidating model 1/1: TestUser[0m
[0;36;49mValidating model 1/3: User[0m
[0;36;49mValidating model 2/3: User[0m
[0;36;49mValidating model 3/3: User[0m
[0;36;49mValidating model 1/1: TestUser[0m
[0;36;49mValidating model 1/3: User[0m
[0;36;49mValidating model 2/3: User[0m
[0;36;49mValidating model 3/3: User[0m
[0;36;49mValidating model 1/1: TestUser[0m
[0;36;49mValidating model 1/3: User[0m
[0;36;49mValidating model 2/3: User[0m
[0;36;49mValidating model 3/3: User[0m
[0;36;49mValidating model 1/1: TestUser[0m

Found 3 invalid records out of 6 total records.

Found 2 records that would become invalid out of 2 total records.

Found 3 records that would become invalid out of 3 total records.

Found 1 records that would become invalid out of 1 total records.

Found 1 invalid records out of 2 total records.

Found 3 invalid records out of 6 total records.

Found 2 records that would become invalid out of 2 total records.

Found 3 records that would become invalid out of 3 total records.

Found 1 records that would become invalid out of 1 total records.

Found 1 invalid records out of 2 total records.

Found 3 invalid records out of 6 total records.

Found 2 records that would become invalid out of 2 total records.

Found 3 records that would become invalid out of 3 total records.

Found 1 records that would become invalid out of 1 total records.

Found 1 invalid records out of 2 total records.

Found 3 invalid records out of 6 total records.

Found 2 records that would become invalid out of 2 total records.

Found 3 records that would become invalid out of 3 total records.

Found 1 records that would become invalid out of 1 total records.

Found 1 invalid records out of 2 total records.

Found 3 invalid records out of 6 total records.

Found 2 records that would become invalid out of 2 total records.

Found 3 records that would become invalid out of 3 total records.

Found 1 records that would become invalid out of 1 total records.

Found 1 invalid records out of 2 total records.

Found 3 invalid records out of 6 total records.

Found 4 invalid records out of 8 total records.

Found 5 invalid records out of 10 total records.

Found 6 invalid records out of 12 total records.

Found 2 records that would become invalid out of 2 total records.

Found 3 records that would become invalid out of 3 total records.

Found 1 records that would become invalid out of 1 total records.

Found 1 invalid records out of 2 total records.

Found 3 invalid records out of 6 total records.

Found 4 invalid records out of 8 total records.

Found 5 invalid records out of 10 total records.

Found 6 invalid records out of 12 total records.

Found 2 records that would become invalid out of 2 total records.

Found 3 records that would become invalid out of 3 total records.

Found 1 records that would become invalid out of 1 total records.

Found 1 invalid records out of 2 total records.

Found 3 invalid records out of 6 total records.

Found 4 invalid records out of 8 total records.

Found 5 invalid records out of 10 total records.

Found 6 invalid records out of 12 total records.

Found 2 records that would become invalid out of 2 total records.

Found 3 records that would become invalid out of 3 total records.

Found 1 records that would become invalid out of 1 total records.

Found 1 invalid records out of 2 total records.

Found 3 invalid records out of 6 total records.

Found 4 invalid records out of 8 total records.

Found 5 invalid records out of 10 total records.

Found 6 invalid records out of 12 total records.

Found 2 records that would become invalid out of 2 total records.

Found 3 records that would become invalid out of 3 total records.

Found 1 records that would become invalid out of 1 total records.

Found 1 invalid record out of 2 total record.

Found 3 invalid records out of 6 total records.

Found 4 invalid records out of 8 total records.

Found 5 invalid records out of 10 total records.

Found 6 invalid records out of 12 total records.

Found 2 records that would become invalid out of 2 total records.

Found 3 records that would become invalid out of 3 total records.

Found 1 records that would become invalid out of 1 total records.

Found 1 invalid record out of 2 total record.

Found 3 invalid records out of 6 total records.

Found 4 invalid records out of 8 total records.

Found 5 invalid records out of 10 total records.

Found 6 invalid records out of 12 total records.

Found 2 records that would become invalid out of 2 total records.

Found 3 records that would become invalid out of 3 total records.

Found 1 records that would become invalid out of 1 total records.

Found 3 invalid records out of 6 total records.

Found 4 invalid records out of 8 total records.

Found 5 invalid records out of 10 total records.

Found 6 invalid records out of 12 total records.

Found 2 records that would become invalid out of 2 total records.

Found 3 records that would become invalid out of 3 total records.

Found 1 records that would become invalid out of 1 total records.

Found 3 invalid records out of 6 total records.

Found 4 invalid records out of 8 total records.

Found 5 invalid records out of 10 total records.

Found 6 invalid records out of 12 total records.

Found 2 records that would become invalid out of 2 total records.

Found 3 records that would become invalid out of 3 total records.

Found 1 records that would become invalid out of 1 total records.

Found 1 invalid record out of 2 total record.

Found 3 invalid records out of 6 total records.

Found 4 invalid records out of 8 total records.

Found 5 invalid records out of 10 total records.

Found 6 invalid records out of 12 total records.

Found 2 records that would become invalid out of 2 total records.

Found 3 records that would become invalid out of 3 total records.

Found 1 records that would become invalid out of 1 total records.

Found 1 invalid record out of 2 total record.

Found 3 invalid records out of 6 total records.

Found 4 invalid records out of 8 total records.

Found 5 invalid records out of 10 total records.

Found 6 invalid records out of 12 total records.

Found 2 records that would become invalid out of 2 total records.

Found 3 records that would become invalid out of 3 total records.

Found 1 records that would become invalid out of 1 total records.

Found 1 invalid record out of 2 total record.

Found 3 invalid records out of 6 total records.

Found 4 invalid records out of 8 total records.

Found 5 invalid records out of 10 total records.

Found 6 invalid records out of 12 total records.

Found 2 records that would become invalid out of 2 total records.

Found 3 records that would become invalid out of 3 total records.

Found 1 records that would become invalid out of 1 total records.

Found 1 invalid record out of 2 total record.

Found 3 invalid records out of 6 total records.

Found 4 invalid records out of 8 total records.

Found 5 invalid records out of 10 total records.

Found 6 invalid records out of 12 total records.

Found 2 records that would become invalid out of 2 total records.

Found 3 records that would become invalid out of 3 total records.

Found 1 records that would become invalid out of 1 total records.

Found 1 invalid record out of 2 total record.

Found 3 invalid records out of 6 total records.

Found 4 invalid records out of 8 total records.

Found 5 invalid records out of 10 total records.

Found 6 invalid records out of 12 total records.

Found 2 records that would become invalid out of 2 total records.

Found 3 records that would become invalid out of 3 total records.

Found 1 records that would become invalid out of 1 total records.

Found 1 invalid record out of 2 total record.

Found 3 invalid records out of 6 total records.

Found 4 invalid records out of 8 total records.

Found 5 invalid records out of 10 total records.

Found 6 invalid records out of 12 total records.

Found 2 records that would become invalid out of 2 total records.

Found 3 records that would become invalid out of 3 total records.

Found 1 records that would become invalid out of 1 total records.

Found 1 invalid record out of 2 total record.

Found 3 invalid records out of 6 total records.

Found 4 invalid records out of 8 total records.

Found 5 invalid records out of 10 total records.

Found 6 invalid records out of 12 total records.

Found 2 records that would become invalid out of 2 total records.

Found 3 records that would become invalid out of 3 total records.

Found 1 records that would become invalid out of 1 total records.

Found 1 invalid record out of 2 total record.

Found 3 invalid records out of 6 total records.

Found 4 invalid records out of 8 total records.

Found 2 records that would become invalid out of 2 total records.

Found 3 records that would become invalid out of 3 total records.

Found 1 records that would become invalid out of 1 total records.

Found 1 invalid record out of 2 total record.

Found 3 invalid records out of 6 total records.

Found 4 invalid records out of 8 total records.

Found 2 records that would become invalid out of 2 total records.

Found 3 records that would become invalid out of 3 total records.

Found 1 records that would become invalid out of 1 total records.

Found 1 invalid record out of 2 total record.

Found 3 invalid records out of 6 total records.

Found 4 invalid records out of 8 total records.

Found 2 records that would become invalid out of 2 total records.

Found 3 records that would become invalid out of 3 total records.

Found 1 records that would become invalid out of 1 total records.

Found 1 invalid record out of 2 total record.

Found 3 invalid records out of 6 total records.

Found 4 invalid records out of 8 total records.

Found 2 records that would become invalid out of 2 total records.

Found 3 records that would become invalid out of 3 total records.

Found 1 records that would become invalid out of 1 total records.

Found 1 invalid record out of 2 total record.

Found 3 invalid records out of 6 total records.

Found 4 invalid records out of 8 total records.

Found 2 records that would become invalid out of 2 total records.

Found 3 records that would become invalid out of 3 total records.

Found 1 records that would become invalid out of 1 total records.

Found 1 invalid record out of 2 total record.
JSON report saved to db_validator_reports/validation_report_20241109_150300.json
JSON report saved to db_validator_reports/validation_report_20241109_150300.json
JSON report saved to db_validator_reports/validation_report_20241109_150300.json

Found 3 invalid records out of 6 total records.

Found 4 invalid records out of 8 total records.

Found 2 records that would become invalid out of 2 total records.

Found 3 records that would become invalid out of 3 total records.

Found 1 records that would become invalid out of 1 total records.

Found 1 invalid record out of 2 total record.
JSON report saved to db_validator_reports/validation_report_20241112_144147.json
JSON report saved to db_validator_reports/validation_report_20241112_144147.json
JSON report saved to db_validator_reports/validation_report_20241112_144147.json

Found 3 invalid records out of 6 total records.

Found 4 invalid records out of 8 total records.

Found 2 records that would become invalid out of 2 total records.

Found 2 records that would become invalid out of 2 total records.

Found 1 records that would become invalid out of 1 total records.

Found 1 invalid record out of 2 total record.
JSON report saved to db_validator_reports/validation_report_20241112_144216.json
JSON report saved to db_validator_reports/validation_report_20241112_144216.json
JSON report saved to db_validator_reports/validation_report_20241112_144216.json

Found 3 invalid records out of 6 total records.

Found 4 invalid records out of 8 total records.

Found 2 records that would become invalid out of 2 total records.

Found 3 records that would become invalid out of 3 total records.

Found 1 records that would become invalid out of 1 total records.

Found 1 invalid record out of 2 total record.
JSON report saved to db_validator_reports/validation_report_20241112_144432.json
JSON report saved to db_validator_reports/validation_report_20241112_144432.json
JSON report saved to db_validator_reports/validation_report_20241112_144432.json

Found 3 invalid records out of 6 total records.

Found 4 invalid records out of 8 total records.

Found 2 records that would become invalid out of 2 total records.

Found 3 records that would become invalid out of 3 total records.

Found 1 records that would become invalid out of 1 total records.

Found 1 invalid record out of 2 total record.
JSON report saved to db_validator_reports/validation_report_20241112_144554.json
JSON report saved to db_validator_reports/validation_report_20241112_144554.json
JSON report saved to db_validator_reports/validation_report_20241112_144554.json

Found 3 invalid records out of 6 total records.

Found 4 invalid records out of 8 total records.

Found 2 records that would become invalid out of 2 total records.

Found 3 records that would become invalid out of 3 total records.

Found 1 records that would become invalid out of 1 total records.

Found 1 invalid record out of 2 total record.
JSON report saved to db_validator_reports/validation_report_20241112_144612.json
JSON report saved to db_validator_reports/validation_report_20241112_144612.json
JSON report saved to db_validator_reports/validation_report_20241112_144612.json

Found 3 invalid records out of 6 total records.

Found 4 invalid records out of 8 total records.

Found 2 records that would become invalid out of 2 total records.

Found 3 records that would become invalid out of 3 total records.

Found 1 records that would become invalid out of 1 total records.

Found 1 invalid record out of 2 total record.
JSON report saved to db_validator_reports/validation_report_20241112_144616.json
JSON report saved to db_validator_reports/validation_report_20241112_144616.json
JSON report saved to db_validator_reports/validation_report_20241112_144616.json

Found 3 invalid records out of 6 total records.

Found 4 invalid records out of 8 total records.

Found 2 records that would become invalid out of 2 total records.

Found 3 records that would become invalid out of 3 total records.

Found 1 records that would become invalid out of 1 total records.

Found 1 invalid record out of 2 total record.
JSON report saved to db_validator_reports/validation_report_20241112_144629.json
JSON report saved to db_validator_reports/validation_report_20241112_144629.json
JSON report saved to db_validator_reports/validation_report_20241112_144629.json

Found 3 invalid records out of 6 total records.

Found 4 invalid records out of 8 total records.

Found 2 records that would become invalid out of 2 total records.

Found 3 records that would become invalid out of 3 total records.

Found 1 records that would become invalid out of 1 total records.

Found 1 invalid record out of 2 total record.
